
Showing logs for build [32mcb-kubecd-bdd-gh-1568061930-pr-1[0m stage [32mmeta-pipeline[0m and container [32mstep-credential-initializer-vdnd9[0m
{"level":"warn","ts":1568062591.4094841,"logger":"fallback-logger","caller":"logging/config.go:69","msg":"Fetch GitHub commit ID from kodata failed: \"ref: refs/heads/master\" is not a valid GitHub commit ID"}
{"level":"info","ts":1568062591.410138,"logger":"fallback-logger","caller":"creds-init/main.go:40","msg":"Credentials initialized."}

Showing logs for build [32mcb-kubecd-bdd-gh-1568061930-pr-1[0m stage [32mmeta-pipeline[0m and container [32mstep-working-dir-initializer-qbspn[0m
{"level":"warn","ts":1568062592.4251506,"logger":"fallback-logger","caller":"logging/config.go:69","msg":"Fetch GitHub commit ID from kodata failed: open /var/run/ko/HEAD: no such file or directory"}
{"level":"info","ts":1568062592.5098975,"logger":"fallback-logger","caller":"bash/main.go:65","msg":"Successfully executed command \"mkdir -p /workspace/source\""}

Showing logs for build [32mcb-kubecd-bdd-gh-1568061930-pr-1[0m stage [32mmeta-pipeline[0m and container [32mstep-place-tools[0m

Showing logs for build [32mcb-kubecd-bdd-gh-1568061930-pr-1[0m stage [32mmeta-pipeline[0m and container [32mstep-git-source-meta-cb-kubecd-bdd-gh-156806193-jbqv2[0m
{"level":"warn","ts":1568062598.0132096,"logger":"fallback-logger","caller":"logging/config.go:69","msg":"Fetch GitHub commit ID from kodata failed: \"ref: refs/heads/master\" is not a valid GitHub commit ID"}
{"level":"info","ts":1568062599.1337078,"logger":"fallback-logger","caller":"git/git.go:102","msg":"Successfully cloned https://github.com/cb-kubecd/bdd-gh-1568061930.git @ 48ee3ec04d56305ffb263fb7ed1bff2a1f584288 in path /workspace/source"}

Showing logs for build [32mcb-kubecd-bdd-gh-1568061930-pr-1[0m stage [32mmeta-pipeline[0m and container [32mstep-git-merge[0m
Using SHAs from PULL_REFS=master:48ee3ec04d56305ffb263fb7ed1bff2a1f584288,1:56b18e12af287958f4565867b0b1b09bea7c5a18
DEBUG: ran git fetch --unshallow origin 56b18e12af287958f4565867b0b1b09bea7c5a18: 48ee3ec04d56305ffb263fb7ed1bff2a1f584288: in 
DEBUG: ran git checkout master in 
DEBUG: ran git reset --hard 48ee3ec04d56305ffb263fb7ed1bff2a1f584288 in 
DEBUG: ran clean --force -d . in 
DEBUG: ran git merge 56b18e12af287958f4565867b0b1b09bea7c5a18 in 
Merged SHA 56b18e12af287958f4565867b0b1b09bea7c5a18 with commit message 'My first PR commit' into base branch master

Showing logs for build [32mcb-kubecd-bdd-gh-1568061930-pr-1[0m stage [32mmeta-pipeline[0m and container [32mstep-merge-pull-refs[0m
DEBUG: ran git fetch origin 56b18e12af287958f4565867b0b1b09bea7c5a18: 48ee3ec04d56305ffb263fb7ed1bff2a1f584288: in 
DEBUG: Unshallowed git repo in 
DEBUG: ran git checkout master in 
DEBUG: ran git reset --hard 48ee3ec04d56305ffb263fb7ed1bff2a1f584288 in 
DEBUG: ran clean --force -d . in 
DEBUG: ran git merge 56b18e12af287958f4565867b0b1b09bea7c5a18 in 
Merged SHA 56b18e12af287958f4565867b0b1b09bea7c5a18 with commit message 'My first PR commit' into base branch master

Showing logs for build [32mcb-kubecd-bdd-gh-1568061930-pr-1[0m stage [32mmeta-pipeline[0m and container [32mstep-create-effective-pipeline[0m
Deleting and cloning the Jenkins X versions repo
Cloning the Jenkins X versions repo https://github.com/jenkins-x/jenkins-x-versions.git with ref refs/heads/master to /builder/home/.**/jenkins-x-versions
Effective pipeline written to jenkins-x-serverless-jenkins-effective.yml

Showing logs for build [32mcb-kubecd-bdd-gh-1568061930-pr-1[0m stage [32mmeta-pipeline[0m and container [32mstep-create-tekton-crds[0m
PipelineActivity for cb-kubecd-bdd-gh-1568061930-PR-1-1
Applying changes 
upserted PipelineResource cb-kubecd-bdd-gh-1568061930-pr for the git repository https://github.com/cb-kubecd/bdd-gh-1568061930.git
upserted Task cb-kubecd-bdd-gh-1568061930-pr-from-build-pack-1
upserted Pipeline cb-kubecd-bdd-gh-1568061930-pr-1
created PipelineRun cb-kubecd-bdd-gh-1568061930-pr-1
created PipelineStructure cb-kubecd-bdd-gh-1568061930-pr-1

Showing logs for build [32mcb-kubecd-bdd-gh-1568061930-pr-1[0m stage [32mfrom-build-pack[0m and container [32mstep-credential-initializer-n7cb2[0m
{"level":"warn","ts":1568062615.8001328,"logger":"fallback-logger","caller":"logging/config.go:69","msg":"Fetch GitHub commit ID from kodata failed: \"ref: refs/heads/master\" is not a valid GitHub commit ID"}
{"level":"info","ts":1568062615.8007565,"logger":"fallback-logger","caller":"creds-init/main.go:40","msg":"Credentials initialized."}

Showing logs for build [32mcb-kubecd-bdd-gh-1568061930-pr-1[0m stage [32mfrom-build-pack[0m and container [32mstep-working-dir-initializer-lvsvm[0m
{"level":"warn","ts":1568062616.956023,"logger":"fallback-logger","caller":"logging/config.go:69","msg":"Fetch GitHub commit ID from kodata failed: open /var/run/ko/HEAD: no such file or directory"}
{"level":"info","ts":1568062616.957073,"logger":"fallback-logger","caller":"bash/main.go:65","msg":"Successfully executed command \"mkdir -p /workspace/source /workspace/source/charts/preview\""}

Showing logs for build [32mcb-kubecd-bdd-gh-1568061930-pr-1[0m stage [32mfrom-build-pack[0m and container [32mstep-place-tools[0m

Showing logs for build [32mcb-kubecd-bdd-gh-1568061930-pr-1[0m stage [32mfrom-build-pack[0m and container [32mstep-git-source-cb-kubecd-bdd-gh-1568061930-pr-ggcw4[0m
{"level":"warn","ts":1568062689.0646505,"logger":"fallback-logger","caller":"logging/config.go:69","msg":"Fetch GitHub commit ID from kodata failed: \"ref: refs/heads/master\" is not a valid GitHub commit ID"}
{"level":"info","ts":1568062690.3926566,"logger":"fallback-logger","caller":"git/git.go:102","msg":"Successfully cloned https://github.com/cb-kubecd/bdd-gh-1568061930.git @ master in path /workspace/source"}

Showing logs for build [32mcb-kubecd-bdd-gh-1568061930-pr-1[0m stage [32mfrom-build-pack[0m and container [32mstep-git-merge[0m
Using SHAs from PULL_REFS=master:48ee3ec04d56305ffb263fb7ed1bff2a1f584288,1:56b18e12af287958f4565867b0b1b09bea7c5a18
DEBUG: ran git fetch --unshallow origin 56b18e12af287958f4565867b0b1b09bea7c5a18: 48ee3ec04d56305ffb263fb7ed1bff2a1f584288: in 
DEBUG: ran git checkout master in 
DEBUG: ran git reset --hard 48ee3ec04d56305ffb263fb7ed1bff2a1f584288 in 
DEBUG: ran clean --force -d . in 
DEBUG: ran git merge 56b18e12af287958f4565867b0b1b09bea7c5a18 in 
Merged SHA 56b18e12af287958f4565867b0b1b09bea7c5a18 with commit message 'My first PR commit' into base branch master

Showing logs for build [32mcb-kubecd-bdd-gh-1568061930-pr-1[0m stage [32mfrom-build-pack[0m and container [32mstep-build-make-linux[0m
CGO_ENABLED=0 GOOS=linux GOARCH=amd64 GO15VENDOREXPERIMENT=1 go build -ldflags '' -o bin/bdd-gh-1568061930 main.go

Showing logs for build [32mcb-kubecd-bdd-gh-1568061930-pr-1[0m stage [32mfrom-build-pack[0m and container [32mstep-build-container-build[0m
[36mINFO[0m[0000] No base image, nothing to extract            
[36mINFO[0m[0000] cmd: EXPOSE                                  
[36mINFO[0m[0000] Adding exposed port: 8080/tcp                
[36mINFO[0m[0000] Using files from context: [/workspace/source/bin] 
[36mINFO[0m[0000] Skipping unpacking as no commands require it. 
[36mINFO[0m[0000] Taking snapshot of full filesystem...        
[36mINFO[0m[0000] EXPOSE 8080                                  
[36mINFO[0m[0000] cmd: EXPOSE                                  
[36mINFO[0m[0000] Adding exposed port: 8080/tcp                
[36mINFO[0m[0000] No files changed in this command, skipping snapshotting. 
[36mINFO[0m[0000] ENTRYPOINT ["/bdd-gh-1568061930"]            
[36mINFO[0m[0000] No files changed in this command, skipping snapshotting. 
[36mINFO[0m[0000] Using files from context: [/workspace/source/bin] 
[36mINFO[0m[0000] COPY ./bin/ /                                
[36mINFO[0m[0000] Taking snapshot of files...                  
2019/09/09 20:58:27 pushed blob: sha256:5af331b4ab1d1eb14432fb160b9cffb99eb5cf3b5587526834e0f93953922b3f
2019/09/09 20:58:27 pushed blob: sha256:4241ff0d873197333eda01a21f13525695990c051d6884e5d0e9b95a54b9a5f3
2019/09/09 20:58:29 gcr.io/jenkins-x-bdd2/bdd-gh-1568061930:0.0.0-SNAPSHOT-PR-1-1: digest: sha256:7e0d28244288b3465f1ada95a6ae76b740d32cd5a744a58f8c74d57ca0786159 size: 428

Showing logs for build [32mcb-kubecd-bdd-gh-1568061930-pr-1[0m stage [32mfrom-build-pack[0m and container [32mstep-postbuild-post-build[0m
no CVE provider running in the current ** namespace so skip adding image to be analysed

Showing logs for build [32mcb-kubecd-bdd-gh-1568061930-pr-1[0m stage [32mfrom-build-pack[0m and container [32mstep-promote-make-preview[0m
sed -i -e "s/version:.*/version: 0.0.0-SNAPSHOT-PR-1-1/" Chart.yaml
sed -i -e "s/version:.*/version: 0.0.0-SNAPSHOT-PR-1-1/" ../*/Chart.yaml
sed -i -e "s|repository:.*|repository: gcr.io\/jenkins-x-bdd2\/bdd-gh-1568061930|" values.yaml
sed -i -e "s/tag:.*/tag: 0.0.0-SNAPSHOT-PR-1-1/" values.yaml
echo "  version: 0.0.0-SNAPSHOT-PR-1-1" >> requirements.yaml
** step helm build
WARNING: No $CHART_REPOSITORY defined so using the default value of: http://jenkins-x-chartmuseum:8080
Adding missing Helm repo: storage.googleapis.com https://storage.googleapis.com/chartmuseum.jenkins-x.io
Successfully added Helm repository storage.googleapis.com.
Adding missing Helm repo: jenkins-x-chartmuseum http://jenkins-x-chartmuseum:8080
Successfully added Helm repository jenkins-x-chartmuseum.
WARNING: No $CHART_REPOSITORY defined so using the default value of: http://jenkins-x-chartmuseum:8080
Adding missing Helm repo: chartmuseum.jenkins-x.io http://chartmuseum.jenkins-x.io
Successfully added Helm repository chartmuseum.jenkins-x.io.

Showing logs for build [32mcb-kubecd-bdd-gh-1568061930-pr-1[0m stage [32mfrom-build-pack[0m and container [32mstep-promote-jx-preview[0m
Creating a preview
WARNING: No author for commit: 56b18e12af287958f4565867b0b1b09bea7c5a18
Created environment cb-kubecd-bdd-gh-1568061930-pr-1
Namespace **-cb-kubecd-bdd-gh-1568061930-pr-1 created 
expose:
  Annotations:
    helm.sh/hook: post-install,post-upgrade
    helm.sh/hook-delete-policy: hook-succeeded
  config:
    domain: 34.77.81.56.nip.io
    exposer: Ingress
    http: "true"
preview:
  image:
    repository: gcr.io/jenkins-x-bdd2/bdd-gh-1568061930
    tag: 0.0.0-SNAPSHOT-PR-1-1
Deleting and cloning the Jenkins X versions repo
Cloning the Jenkins X versions repo https://github.com/jenkins-x/jenkins-x-versions.git with ref refs/heads/master to /builder/home/.**/jenkins-x-versions


Updating PipelineActivities cb-kubecd-bdd-gh-1568061930-pr-1-1 which has status Running
Preview application is now available at: http://bdd-gh-1568061930.**-cb-kubecd-bdd-gh-1568061930-pr-1.34.77.81.56.nip.io
